<?xml version="1.0" encoding="UTF-8"?>
<testsuite name="com.example.workshops.WorkshopsApplicationTests" tests="1" skipped="0" failures="0" errors="0" timestamp="2023-04-25T08:15:27" hostname="LAPTOP-DMUQKOJL" time="0.559">
  <properties/>
  <testcase name="contextLoads()" classname="com.example.workshops.WorkshopsApplicationTests" time="0.559"/>
  <system-out><![CDATA[10:15:24.778 [Test worker] DEBUG org.springframework.boot.test.context.SpringBootTestContextBootstrapper -- Neither @ContextConfiguration nor @ContextHierarchy found for test class [WorkshopsApplicationTests]: using SpringBootContextLoader
10:15:24.778 [Test worker] DEBUG org.springframework.test.context.support.AbstractContextLoader -- Could not detect default resource locations for test class [com.example.workshops.WorkshopsApplicationTests]: no resource found for suffixes {-context.xml, Context.groovy}.
10:15:24.778 [Test worker] INFO org.springframework.test.context.support.AnnotationConfigContextLoaderUtils -- Could not detect default configuration classes for test class [com.example.workshops.WorkshopsApplicationTests]: WorkshopsApplicationTests does not declare any static, non-private, non-final, nested classes annotated with @Configuration.
10:15:24.825 [Test worker] DEBUG org.springframework.boot.test.context.SpringBootTestContextBootstrapper -- Using ContextCustomizers for test class [WorkshopsApplicationTests]: [DisableObservabilityContextCustomizer, PropertyMappingContextCustomizer, Customizer, ExcludeFilterContextCustomizer, DuplicateJsonObjectContextCustomizer, MockitoContextCustomizer, TestRestTemplateContextCustomizer]
10:15:24.919 [Test worker] DEBUG org.springframework.context.annotation.ClassPathScanningCandidateComponentProvider -- Identified candidate component class: file [C:\Users\Zuzan\Desktop\allegroTNAB\testy\test-repository\build\classes\java\main\com\example\workshops\WorkshopsApplication.class]
10:15:24.919 [Test worker] INFO org.springframework.boot.test.context.SpringBootTestContextBootstrapper -- Found @SpringBootConfiguration com.example.workshops.WorkshopsApplication for test class com.example.workshops.WorkshopsApplicationTests
10:15:25.092 [Test worker] DEBUG org.springframework.test.context.util.TestContextSpringFactoriesUtils -- Skipping candidate TestExecutionListener [org.springframework.test.context.transaction.TransactionalTestExecutionListener] due to a missing dependency. Specify custom TestExecutionListener classes or make the default TestExecutionListener classes and their required dependencies available. Offending class: [org/springframework/transaction/interceptor/TransactionAttributeSource]
10:15:25.092 [Test worker] DEBUG org.springframework.test.context.util.TestContextSpringFactoriesUtils -- Skipping candidate TestExecutionListener [org.springframework.test.context.jdbc.SqlScriptsTestExecutionListener] due to a missing dependency. Specify custom TestExecutionListener classes or make the default TestExecutionListener classes and their required dependencies available. Offending class: [org/springframework/transaction/interceptor/TransactionAttribute]
10:15:25.092 [Test worker] DEBUG org.springframework.boot.test.context.SpringBootTestContextBootstrapper -- Using TestExecutionListeners for test class [WorkshopsApplicationTests]: [ServletTestExecutionListener, DirtiesContextBeforeModesTestExecutionListener, ApplicationEventsTestExecutionListener, MockitoTestExecutionListener, DependencyInjectionTestExecutionListener, DirtiesContextTestExecutionListener, EventPublishingTestExecutionListener, RestDocsTestExecutionListener, MockRestServiceServerResetTestExecutionListener, MockMvcPrintOnlyOnFailureTestExecutionListener, WebDriverTestExecutionListener, MockWebServiceServerTestExecutionListener, ResetMocksTestExecutionListener]
10:15:25.092 [Test worker] DEBUG org.springframework.test.context.support.AbstractDirtiesContextTestExecutionListener -- Before test class: class [WorkshopsApplicationTests], class annotated with @DirtiesContext [false] with mode [null]

  .   ____          _            __ _ _
 /\\ / ___'_ __ _ _(_)_ __  __ _ \ \ \ \
( ( )\___ | '_ | '_| | '_ \/ _` | \ \ \ \
 \\/  ___)| |_)| | | | | || (_| |  ) ) ) )
  '  |____| .__|_| |_|_| |_\__, | / / / /
 =========|_|==============|___/=/_/_/_/
 :: Spring Boot ::                (v3.0.5)

2023-04-25T10:15:25.532+02:00  INFO 12180 --- [    Test worker] c.e.workshops.WorkshopsApplicationTests  : Starting WorkshopsApplicationTests using Java 17.0.2 with PID 12180 (started by Zuzan in C:\Users\Zuzan\Desktop\allegroTNAB\testy\test-repository)
2023-04-25T10:15:25.532+02:00  INFO 12180 --- [    Test worker] c.e.workshops.WorkshopsApplicationTests  : No active profile set, falling back to 1 default profile: "default"
2023-04-25T10:15:27.144+02:00  INFO 12180 --- [    Test worker] c.e.workshops.WorkshopsApplicationTests  : Started WorkshopsApplicationTests in 1.961 seconds (process running for 3.996)
]]></system-out>
  <system-err><![CDATA[]]></system-err>
</testsuite>
